floatingStickies/build/outputs/logs/manifest-merger-debug-report.txt
-- Merging decision tree log ---
manifest
ADDED from src/main/AndroidManifest.xml:2:1-42:12
INJECTED from src/main/AndroidManifest.xml:2:1-42:12
INJECTED from src/main/AndroidManifest.xml:2:1-42:12
INJECTED from src/main/AndroidManifest.xml:2:1-42:12
MERGED from [:standOutSDK] AndroidManifest.xml:2:1-13:12
INJECTED from src/main/AndroidManifest.xml:2:1-42:12
INJECTED from src/main/AndroidManifest.xml:2:1-42:12
INJECTED from src/main/AndroidManifest.xml:2:1-42:12
	package
		ADDED from src/main/AndroidManifest.xml:3:5-48
		INJECTED from src/main/AndroidManifest.xml
		INJECTED from src/main/AndroidManifest.xml
	android:versionName
		ADDED from src/main/AndroidManifest.xml:5:5-31
		INJECTED from src/main/AndroidManifest.xml
		INJECTED from src/main/AndroidManifest.xml
	xmlns:android
		ADDED from src/main/AndroidManifest.xml:2:11-69
	android:versionCode
		ADDED from src/main/AndroidManifest.xml:4:5-29
		INJECTED from src/main/AndroidManifest.xml
		INJECTED from src/main/AndroidManifest.xml
uses-sdk
ADDED from src/main/AndroidManifest.xml:7:5-9:41
INJECTED from src/main/AndroidManifest.xml:7:5-9:41
INJECTED from src/main/AndroidManifest.xml:7:5-9:41
MERGED from [:standOutSDK] AndroidManifest.xml:7:5-9:41
MERGED from [:standOutSDK] AndroidManifest.xml:7:5-9:41
INJECTED from src/main/AndroidManifest.xml:7:5-9:41
INJECTED from src/main/AndroidManifest.xml:7:5-9:41
	android:targetSdkVersion
		ADDED from src/main/AndroidManifest.xml:9:9-38
		INJECTED from src/main/AndroidManifest.xml
		INJECTED from src/main/AndroidManifest.xml
	android:minSdkVersion
		ADDED from src/main/AndroidManifest.xml:8:9-34
		INJECTED from src/main/AndroidManifest.xml
		INJECTED from src/main/AndroidManifest.xml
uses-permission#android.permission.SYSTEM_ALERT_WINDOW
ADDED from src/main/AndroidManifest.xml:11:5-78
MERGED from [:standOutSDK] AndroidManifest.xml:11:5-78
MERGED from [:standOutSDK] AndroidManifest.xml:11:5-78
	android:name
		ADDED from src/main/AndroidManifest.xml:11:22-75
uses-permission#android.permission.RECEIVE_BOOT_COMPLETED
ADDED from src/main/AndroidManifest.xml:12:5-81
	android:name
		ADDED from src/main/AndroidManifest.xml:12:22-78
uses-permission#android.permission.WRITE_EXTERNAL_STORAGE
ADDED from src/main/AndroidManifest.xml:13:5-81
	android:name
		ADDED from src/main/AndroidManifest.xml:13:22-78
uses-permission#android.permission.READ_EXTERNAL_STORAGE
ADDED from src/main/AndroidManifest.xml:14:5-80
	android:name
		ADDED from src/main/AndroidManifest.xml:14:22-77
application
ADDED from src/main/AndroidManifest.xml:16:5-40:19
	android:label
		ADDED from src/main/AndroidManifest.xml:19:9-41
	android:icon
		ADDED from src/main/AndroidManifest.xml:18:9-45
	android:allowBackup
		ADDED from src/main/AndroidManifest.xml:17:9-35
activity#genius.mohammad.floating.stickies.MainActivity
ADDED from src/main/AndroidManifest.xml:20:9-30:20
	android:label
		ADDED from src/main/AndroidManifest.xml:23:13-45
	android:excludeFromRecents
		ADDED from src/main/AndroidManifest.xml:22:13-46
	android:theme
		ADDED from src/main/AndroidManifest.xml:24:13-72
	android:name
		ADDED from src/main/AndroidManifest.xml:21:13-41
intent-filter#android.intent.action.MAIN+android.intent.category.LAUNCHER
ADDED from src/main/AndroidManifest.xml:25:13-29:29
action#android.intent.action.MAIN
ADDED from src/main/AndroidManifest.xml:26:17-69
	android:name
		ADDED from src/main/AndroidManifest.xml:26:25-66
category#android.intent.category.LAUNCHER
ADDED from src/main/AndroidManifest.xml:28:17-77
	android:name
		ADDED from src/main/AndroidManifest.xml:28:27-74
activity#genius.mohammad.floating.stickies.UpdateActivity
ADDED from src/main/AndroidManifest.xml:31:9-36:20
	android:label
		ADDED from src/main/AndroidManifest.xml:34:13-43
	android:excludeFromRecents
		ADDED from src/main/AndroidManifest.xml:33:13-46
	android:theme
		ADDED from src/main/AndroidManifest.xml:35:13-56
	android:name
		ADDED from src/main/AndroidManifest.xml:32:13-76
service#genius.mohammad.floating.stickies.MultiWindow
ADDED from src/main/AndroidManifest.xml:38:9-39:19
	android:name
		ADDED from src/main/AndroidManifest.xml:38:18-78